<?xml version="1.0" encoding="UTF-8"?>
<!-- Generated by org.testng.reporters.JUnitReportReporter -->
<testsuite hostname="DESKTOP-22QOM6E" failures="0" tests="3" name="DemoPack.Customer" time="0.021" errors="0" timestamp="2024-08-09T16:29:51 IST" skipped="0">
  <testcase classname="DemoPack.Customer" name="CreateCustomer" time="0.011"/>
  <system-out/>
  <testcase classname="DemoPack.Customer" name="EditCustomer" time="0.003"/>
  <system-out/>
  <testcase classname="DemoPack.Customer" name="DeleteCustomer" time="0.007"/>
  <system-out/>
</testsuite> <!-- DemoPack.Customer -->
