<?xml version="1.0" encoding="UTF-8"?>
<!-- Generated by org.testng.reporters.JUnitReportReporter -->
<testsuite hostname="DESKTOP-22QOM6E" failures="0" tests="1" name="ContactsTests.createContactTests" time="16.855" errors="0" timestamp="2024-01-19T12:10:57 IST" skipped="0">
  <testcase classname="ContactsTests.createContactTests" name="createContactWithlastName" time="16.855"/>
  <system-out/>
</testsuite> <!-- ContactsTests.createContactTests -->
