<?xml version="1.0" encoding="UTF-8"?>
<!-- Generated by org.testng.reporters.JUnitReportReporter -->
<testsuite hostname="DESKTOP-22QOM6E" failures="0" tests="3" name="demo.User" time="0.012" errors="0" timestamp="2024-10-09T13:33:29 IST" skipped="0">
  <testcase classname="demo.User" name="deleteUser" time="0.003"/>
  <system-out/>
  <testcase classname="demo.User" name="createUser" time="0.002"/>
  <system-out/>
  <testcase classname="demo.User" name="editUser" time="0.007"/>
  <system-out/>
</testsuite> <!-- demo.User -->
