<?xml version="1.0" encoding="UTF-8"?>
<!-- Generated by org.testng.reporters.JUnitReportReporter -->
<testsuite hostname="DESKTOP-22QOM6E" failures="0" tests="1" name="demo.Report" time="0.001" errors="0" timestamp="2024-10-09T13:33:29 IST" skipped="0">
  <testcase classname="demo.Report" name="createReport" time="0.001"/>
  <system-out/>
</testsuite> <!-- demo.Report -->
