<?xml version="1.0" encoding="UTF-8"?>
<!-- Generated by org.testng.reporters.JUnitReportReporter -->
<testsuite hostname="DESKTOP-22QOM6E" failures="0" tests="3" name="demo.Customer" time="0.013" errors="0" timestamp="2024-10-09T13:33:29 IST" skipped="0">
  <testcase classname="demo.Customer" name="deleteCustomer" time="0.001"/>
  <system-out/>
  <testcase classname="demo.Customer" name="editCustomer" time="0.010"/>
  <system-out/>
  <testcase classname="demo.Customer" name="createCustomer" time="0.002"/>
  <system-out/>
</testsuite> <!-- demo.Customer -->
