<?xml version="1.0" encoding="UTF-8"?>
<!-- Generated by org.testng.reporters.JUnitXMLReporter -->
<testsuite ignored="0" hostname="DESKTOP-22QOM6E" failures="0" tests="1" name="Test-Runner-2" time="18.786" errors="0" timestamp="2024-01-09T10:50:45 IST">
  <testcase classname="ContactsTests.createContactWithLeadSource" name="createContactWithLead" time="9.798"/>
</testsuite> <!-- Test-Runner-2 -->
