<?xml version="1.0" encoding="UTF-8"?>
<!-- Generated by org.testng.reporters.JUnitXMLReporter -->
<testsuite ignored="0" hostname="DESKTOP-22QOM6E" failures="0" tests="1" name="Test-Runner-1" time="21.15" errors="0" timestamp="2024-01-09T10:50:27 IST">
  <testcase classname="ContactsTests.createContactTests" name="createContactWithlastName" time="9.024"/>
</testsuite> <!-- Test-Runner-1 -->
