<?xml version="1.0" encoding="UTF-8"?>
<!-- Generated by org.testng.reporters.JUnitXMLReporter -->
<testsuite ignored="0" hostname="DESKTOP-22QOM6E" failures="0" tests="1" name="Test-Runner-Chrome" time="43.361" errors="0" timestamp="2024-01-09T11:30:50 IST">
  <testcase classname="ContactsTests.createContactTests" name="createContactWithlastName" time="17.045"/>
</testsuite> <!-- Test-Runner-Chrome -->
