<?xml version="1.0" encoding="UTF-8"?>
<!-- Generated by org.testng.reporters.JUnitReportReporter -->
<testsuite hostname="DESKTOP-22QOM6E" failures="0" tests="3" name="Practice.testNGPractice" time="0.018" errors="0" timestamp="2024-01-04T10:37:00 IST" skipped="0">
  <testcase classname="Practice.testNGPractice" name="create" time="0.014"/>
  <system-out/>
  <testcase classname="Practice.testNGPractice" name="modify" time="0.002"/>
  <system-out/>
  <testcase classname="Practice.testNGPractice" name="delete" time="0.002"/>
  <system-out/>
</testsuite> <!-- Practice.testNGPractice -->
