<?xml version="1.0" encoding="UTF-8"?>
<!-- Generated by org.testng.reporters.JUnitReportReporter -->
<testsuite hostname="DESKTOP-22QOM6E" failures="0" tests="1" name="Practice.ReadDataFromCmdLine" time="0.015" errors="0" timestamp="2024-01-19T11:15:05 IST" skipped="0">
  <testcase classname="Practice.ReadDataFromCmdLine" name="read" time="0.015"/>
  <system-out/>
</testsuite> <!-- Practice.ReadDataFromCmdLine -->
