<?xml version="1.0" encoding="UTF-8"?>
<!-- Generated by org.testng.reporters.JUnitReportReporter -->
<testsuite hostname="DESKTOP-22QOM6E" failures="0" tests="1" name="ContactsTests.createContactWithLeadSource" time="16.236" errors="0" timestamp="2024-01-10T11:37:03 IST" skipped="0">
  <testcase classname="ContactsTests.createContactWithLeadSource" name="createContactWithLead" time="16.236"/>
  <system-out/>
</testsuite> <!-- ContactsTests.createContactWithLeadSource -->
