<?xml version="1.0" encoding="UTF-8"?>
<!-- Generated by org.testng.reporters.JUnitReportReporter -->
<testsuite hostname="DESKTOP-22QOM6E" failures="0" tests="1" name="com.krn.actitime.Users.DeleteUser" time="0.008" errors="0" timestamp="2024-10-09T19:33:55 IST" skipped="0">
  <testcase classname="com.krn.actitime.Users.DeleteUser" name="testDeleteUser" time="0.008"/>
  <system-out/>
</testsuite> <!-- com.krn.actitime.Users.DeleteUser -->
