<?xml version="1.0" encoding="UTF-8"?>
<!-- Generated by org.testng.reporters.JUnitReportReporter -->
<testsuite hostname="DESKTOP-22QOM6E" failures="0" tests="1" name="com.krn.actitime.tasks.CreateCustomer" time="14.266" errors="0" timestamp="2024-10-10T16:14:44 IST" skipped="0">
  <testcase classname="com.krn.actitime.tasks.CreateCustomer" name="testCreateCustomer" time="14.266"/>
  <system-out/>
</testsuite> <!-- com.krn.actitime.tasks.CreateCustomer -->
